::1 - - [16/Sep/2019:14:49:06 -0500] "GET / HTTP/1.1" 200 80251
::1 - - [16/Sep/2019:14:49:08 -0500] "GET /index.php?=PHPE9568F35-D428-11d2-A769-00AA001ACF42 HTTP/1.1" 200 2146
::1 - - [16/Sep/2019:14:49:08 -0500] "GET /index.php?=PHPE9568F34-D428-11d2-A769-00AA001ACF42 HTTP/1.1" 200 2524
::1 - - [16/Sep/2019:14:49:08 -0500] "GET /images/header.png HTTP/1.1" 200 7766
::1 - - [16/Sep/2019:14:49:08 -0500] "GET /style.css HTTP/1.1" 200 3041
::1 - - [16/Sep/2019:14:49:08 -0500] "GET /images/menuleft.jpg HTTP/1.1" 200 11236
::1 - - [16/Sep/2019:14:49:08 -0500] "GET /images/menu.jpg HTTP/1.1" 200 11219
::1 - - [16/Sep/2019:14:49:08 -0500] "GET /images/menuright.jpg HTTP/1.1" 200 11239
::1 - - [16/Sep/2019:14:49:08 -0500] "GET /images/background.jpg HTTP/1.1" 200 12386
::1 - - [16/Sep/2019:14:49:08 -0500] "GET /images/topcontent.jpg HTTP/1.1" 200 11578
::1 - - [16/Sep/2019:14:49:08 -0500] "GET /images/content.jpg HTTP/1.1" 200 11916
::1 - - [16/Sep/2019:14:49:08 -0500] "GET /images/banner.jpg HTTP/1.1" 200 38149
::1 - - [16/Sep/2019:14:49:09 -0500] "GET /favicon.ico HTTP/1.1" 404 209
::1 - - [16/Sep/2019:14:49:15 -0500] "GET /molle HTTP/1.1" 301 236
::1 - - [16/Sep/2019:14:49:15 -0500] "GET /molle/css/magnific-popup.css HTTP/1.1" 200 6950
::1 - - [16/Sep/2019:14:49:15 -0500] "GET /molle/css/animate.css HTTP/1.1" 200 73641
::1 - - [16/Sep/2019:14:49:15 -0500] "GET /molle/css/owl.carousel.min.css HTTP/1.1" 200 3440
::1 - - [16/Sep/2019:14:49:15 -0500] "GET /molle/css/aos.css HTTP/1.1" 200 25983
::1 - - [16/Sep/2019:14:49:15 -0500] "GET /molle/css/open-iconic-bootstrap.min.css HTTP/1.1" 200 9467
::1 - - [16/Sep/2019:14:49:15 -0500] "GET /molle/css/owl.theme.default.min.css HTTP/1.1" 200 965
::1 - - [16/Sep/2019:14:49:15 -0500] "GET /molle/ HTTP/1.1" 200 47211
::1 - - [16/Sep/2019:14:49:15 -0500] "GET /molle/css/ionicons.min.css HTTP/1.1" 200 46816
::1 - - [16/Sep/2019:14:49:15 -0500] "GET /molle/css/jquery.timepicker.css HTTP/1.1" 200 1588
::1 - - [16/Sep/2019:14:49:15 -0500] "GET /molle/css/bootstrap-datepicker.css HTTP/1.1" 200 17945
::1 - - [16/Sep/2019:14:49:16 -0500] "GET /molle/css/flaticon.css HTTP/1.1" 200 1447
::1 - - [16/Sep/2019:14:49:16 -0500] "GET /molle/css/icomoon.css HTTP/1.1" 200 79875
::1 - - [16/Sep/2019:14:49:16 -0500] "GET /molle/css/style.css HTTP/1.1" 200 225583
::1 - - [16/Sep/2019:14:49:16 -0500] "GET /molle/css/menu.css HTTP/1.1" 200 3122
::1 - - [16/Sep/2019:14:49:16 -0500] "GET /molle/css/edgrid/header.css HTTP/1.1" 200 91210
::1 - - [16/Sep/2019:14:49:16 -0500] "GET /molle/css/styles.css HTTP/1.1" 200 108729
::1 - - [16/Sep/2019:14:49:16 -0500] "GET /molle/css//edgrid/tabs.css HTTP/1.1" 200 2207
::1 - - [16/Sep/2019:14:49:16 -0500] "GET /molle/css/edgrid/reporting.css HTTP/1.1" 200 985
::1 - - [16/Sep/2019:14:49:16 -0500] "GET /molle/css/edgrid/social_circle.css HTTP/1.1" 200 2498
::1 - - [16/Sep/2019:14:49:16 -0500] "GET /molle/css/edgrid/social.css HTTP/1.1" 200 1337
::1 - - [16/Sep/2019:14:49:16 -0500] "GET /molle/css/edgrid/easy-responsive-tabs.css HTTP/1.1" 200 3922
::1 - - [16/Sep/2019:14:49:16 -0500] "GET /molle/js/menu.js HTTP/1.1" 200 468
::1 - - [16/Sep/2019:14:49:16 -0500] "GET /molle/css/edgrid/revista.css HTTP/1.1" 200 93579
::1 - - [16/Sep/2019:14:49:16 -0500] "GET /molle/img/escudo3.png HTTP/1.1" 200 66146
::1 - - [16/Sep/2019:14:49:16 -0500] "GET /molle/images/logo125.png HTTP/1.1" 200 54704
::1 - - [16/Sep/2019:14:49:16 -0500] "GET /molle/js/popper.min.js HTTP/1.1" 200 19032
::1 - - [16/Sep/2019:14:49:16 -0500] "GET /molle/js/jquery.waypoints.min.js HTTP/1.1" 200 8835
::1 - - [16/Sep/2019:14:49:16 -0500] "GET /molle/js/jquery.stellar.min.js HTTP/1.1" 200 12597
::1 - - [16/Sep/2019:14:49:16 -0500] "GET /molle/js/bootstrap.min.js HTTP/1.1" 200 55775
::1 - - [16/Sep/2019:14:49:16 -0500] "GET /molle/js/owl.carousel.min.js HTTP/1.1" 200 43237
::1 - - [16/Sep/2019:14:49:16 -0500] "GET /molle/js/jquery-migrate-3.0.1.min.js HTTP/1.1" 200 11421
::1 - - [16/Sep/2019:14:49:16 -0500] "GET /molle/js/jquery.magnific-popup.min.js HTTP/1.1" 200 20216
::1 - - [16/Sep/2019:14:49:16 -0500] "GET /molle/js/jquery.min.js HTTP/1.1" 200 268038
::1 - - [16/Sep/2019:14:49:16 -0500] "GET /molle/js/jquery.animateNumber.min.js HTTP/1.1" 200 1391
::1 - - [16/Sep/2019:14:49:16 -0500] "GET /molle/js/aos.js HTTP/1.1" 200 14244
::1 - - [16/Sep/2019:14:49:17 -0500] "GET /molle/js/reporting.js HTTP/1.1" 200 343
::1 - - [16/Sep/2019:14:49:17 -0500] "GET /molle/js/scrollax.min.js HTTP/1.1" 200 7447
::1 - - [16/Sep/2019:14:49:17 -0500] "GET /molle/js/main.js HTTP/1.1" 200 5534
::1 - - [16/Sep/2019:14:49:17 -0500] "GET /molle/js/easy-responsive-tabs.js HTTP/1.1" 200 11428
::1 - - [16/Sep/2019:14:49:17 -0500] "GET /molle/socios/kallpa.jpg HTTP/1.1" 200 35172
::1 - - [16/Sep/2019:14:49:16 -0500] "GET /molle/js/bootstrap-datepicker.js HTTP/1.1" 200 46820
::1 - - [16/Sep/2019:14:49:16 -0500] "GET /molle/js/jquery.easing.1.3.js HTTP/1.1" 200 8111
::1 - - [16/Sep/2019:14:49:17 -0500] "GET /molle/js/paginator.min.js HTTP/1.1" 200 2188
::1 - - [16/Sep/2019:14:49:17 -0500] "GET /molle/socios/piter.jpg HTTP/1.1" 200 71459
::1 - - [16/Sep/2019:14:49:17 -0500] "GET /molle/socios/cable.jpg HTTP/1.1" 200 42578
::1 - - [16/Sep/2019:14:49:17 -0500] "GET /molle/socios/solar.jpg HTTP/1.1" 200 60216
::1 - - [16/Sep/2019:14:49:17 -0500] "GET /molle/socios/rescaba.jpg HTTP/1.1" 200 55897
::1 - - [16/Sep/2019:14:49:17 -0500] "GET /molle/socios/palomino.jpg HTTP/1.1" 200 48165
::1 - - [16/Sep/2019:14:49:17 -0500] "GET /molle/js/jquery.timepicker.min.js HTTP/1.1" 200 15764
::1 - - [16/Sep/2019:14:49:17 -0500] "GET /molle/images/palta.jpeg HTTP/1.1" 200 29872
::1 - - [16/Sep/2019:14:49:17 -0500] "GET /molle/js/main-paginate.js HTTP/1.1" 200 2377
::1 - - [16/Sep/2019:14:49:17 -0500] "GET /molle/images/logo.png HTTP/1.1" 200 27745
::1 - - [16/Sep/2019:14:49:17 -0500] "GET /molle/images/background-cca2.png HTTP/1.1" 200 15354
::1 - - [16/Sep/2019:14:49:17 -0500] "GET /molle/images/bgcalendario.png HTTP/1.1" 200 40105
::1 - - [16/Sep/2019:14:49:17 -0500] "GET /molle/images/bgconvenios.png HTTP/1.1" 200 41237
::1 - - [16/Sep/2019:14:49:17 -0500] "GET /molle/images/bgconvenios2.png HTTP/1.1" 200 157932
::1 - - [16/Sep/2019:14:49:17 -0500] "GET /molle/images/convenios.png HTTP/1.1" 200 43496
::1 - - [16/Sep/2019:14:49:17 -0500] "GET /molle/images/bgpublicidad.jpg HTTP/1.1" 200 153511
::1 - - [16/Sep/2019:14:49:17 -0500] "GET /molle/images/tendencias-tegnologia.jpg HTTP/1.1" 200 69830
::1 - - [16/Sep/2019:14:49:17 -0500] "GET /molle/images/Capacitaci%C3%B3n2.jpg HTTP/1.1" 200 66641
::1 - - [16/Sep/2019:14:49:17 -0500] "GET /molle/fonts/ionicons/fonts/ionicons.woff2?v=4.0.0-19 HTTP/1.1" 200 50592
::1 - - [16/Sep/2019:14:49:17 -0500] "GET /molle/fonts/icomoon/icomoon.ttf?6tt51o HTTP/1.1" 200 307168
::1 - - [16/Sep/2019:14:49:17 -0500] "GET /molle/images/bg_1.jpg HTTP/1.1" 200 224992
::1 - - [16/Sep/2019:14:49:17 -0500] "GET /molle/images/molle.jpg HTTP/1.1" 200 2935033
::1 - - [16/Sep/2019:14:49:23 -0500] "GET /molle/images/0000070444.jpg HTTP/1.1" 200 54069
::1 - - [16/Sep/2019:14:49:23 -0500] "GET /molle/images/image_1.jpg HTTP/1.1" 200 120448
::1 - - [16/Sep/2019:14:49:23 -0500] "GET /molle/images/image_2.jpg HTTP/1.1" 200 199950
::1 - - [16/Sep/2019:14:49:40 -0500] "GET /molle/ HTTP/1.1" 200 47211
::1 - - [16/Sep/2019:14:50:13 -0500] "GET /molle/ HTTP/1.1" 200 47211
::1 - - [16/Sep/2019:14:50:13 -0500] "GET /molle/css/open-iconic-bootstrap.min.css HTTP/1.1" 200 9467
::1 - - [16/Sep/2019:14:50:13 -0500] "GET /molle/css/animate.css HTTP/1.1" 200 73641
::1 - - [16/Sep/2019:14:50:13 -0500] "GET /molle/css/owl.carousel.min.css HTTP/1.1" 200 3440
::1 - - [16/Sep/2019:14:50:13 -0500] "GET /molle/css/magnific-popup.css HTTP/1.1" 200 6950
::1 - - [16/Sep/2019:14:50:13 -0500] "GET /molle/css/owl.theme.default.min.css HTTP/1.1" 200 965
::1 - - [16/Sep/2019:14:50:13 -0500] "GET /molle/css/ionicons.min.css HTTP/1.1" 200 46816
::1 - - [16/Sep/2019:14:50:13 -0500] "GET /molle/css/aos.css HTTP/1.1" 200 25983
::1 - - [16/Sep/2019:14:50:13 -0500] "GET /molle/css/jquery.timepicker.css HTTP/1.1" 200 1588
::1 - - [16/Sep/2019:14:50:13 -0500] "GET /molle/css/bootstrap-datepicker.css HTTP/1.1" 200 17945
::1 - - [16/Sep/2019:14:50:13 -0500] "GET /molle/css/flaticon.css HTTP/1.1" 200 1447
::1 - - [16/Sep/2019:14:50:13 -0500] "GET /molle/css/icomoon.css HTTP/1.1" 200 79875
::1 - - [16/Sep/2019:14:50:13 -0500] "GET /molle/css/style.css HTTP/1.1" 200 225583
::1 - - [16/Sep/2019:14:50:13 -0500] "GET /molle/css/styles.css HTTP/1.1" 200 108729
::1 - - [16/Sep/2019:14:50:13 -0500] "GET /molle/css/edgrid/header.css HTTP/1.1" 200 91210
::1 - - [16/Sep/2019:14:50:13 -0500] "GET /molle/css/edgrid/social_circle.css HTTP/1.1" 200 2498
::1 - - [16/Sep/2019:14:50:13 -0500] "GET /molle/css/menu.css HTTP/1.1" 200 3122
::1 - - [16/Sep/2019:14:50:13 -0500] "GET /molle/css//edgrid/tabs.css HTTP/1.1" 200 2207
::1 - - [16/Sep/2019:14:50:13 -0500] "GET /molle/css/edgrid/reporting.css HTTP/1.1" 200 985
::1 - - [16/Sep/2019:14:50:13 -0500] "GET /molle/css/edgrid/social.css HTTP/1.1" 200 1337
::1 - - [16/Sep/2019:14:50:13 -0500] "GET /molle/css/edgrid/easy-responsive-tabs.css HTTP/1.1" 200 3922
::1 - - [16/Sep/2019:14:50:13 -0500] "GET /molle/js/menu.js HTTP/1.1" 200 468
::1 - - [16/Sep/2019:14:50:13 -0500] "GET /molle/css/edgrid/revista.css HTTP/1.1" 200 93579
::1 - - [16/Sep/2019:14:50:18 -0500] "GET /molle/img/escudo3.png HTTP/1.1" 200 66146
::1 - - [16/Sep/2019:14:50:18 -0500] "GET /molle/images/logo125.png HTTP/1.1" 200 54704
::1 - - [16/Sep/2019:14:50:18 -0500] "GET /molle/js/jquery.min.js HTTP/1.1" 200 268038
::1 - - [16/Sep/2019:14:50:18 -0500] "GET /molle/js/jquery-migrate-3.0.1.min.js HTTP/1.1" 200 11421
::1 - - [16/Sep/2019:14:50:18 -0500] "GET /molle/js/popper.min.js HTTP/1.1" 200 19032
::1 - - [16/Sep/2019:14:50:18 -0500] "GET /molle/js/bootstrap.min.js HTTP/1.1" 200 55775
::1 - - [16/Sep/2019:14:50:18 -0500] "GET /molle/js/jquery.easing.1.3.js HTTP/1.1" 200 8111
::1 - - [16/Sep/2019:14:50:18 -0500] "GET /molle/js/jquery.waypoints.min.js HTTP/1.1" 200 8835
::1 - - [16/Sep/2019:14:50:18 -0500] "GET /molle/js/jquery.stellar.min.js HTTP/1.1" 200 12597
::1 - - [16/Sep/2019:14:50:18 -0500] "GET /molle/js/owl.carousel.min.js HTTP/1.1" 200 43237
::1 - - [16/Sep/2019:14:50:18 -0500] "GET /molle/js/jquery.magnific-popup.min.js HTTP/1.1" 200 20216
::1 - - [16/Sep/2019:14:50:18 -0500] "GET /molle/js/aos.js HTTP/1.1" 200 14244
::1 - - [16/Sep/2019:14:50:18 -0500] "GET /molle/js/jquery.animateNumber.min.js HTTP/1.1" 200 1391
::1 - - [16/Sep/2019:14:50:18 -0500] "GET /molle/js/bootstrap-datepicker.js HTTP/1.1" 200 46820
::1 - - [16/Sep/2019:14:50:18 -0500] "GET /molle/js/jquery.timepicker.min.js HTTP/1.1" 200 15764
::1 - - [16/Sep/2019:14:50:18 -0500] "GET /molle/js/scrollax.min.js HTTP/1.1" 200 7447
::1 - - [16/Sep/2019:14:50:18 -0500] "GET /molle/js/main.js HTTP/1.1" 200 5534
::1 - - [16/Sep/2019:14:50:18 -0500] "GET /molle/js/reporting.js HTTP/1.1" 200 343
::1 - - [16/Sep/2019:14:50:18 -0500] "GET /molle/js/easy-responsive-tabs.js HTTP/1.1" 200 11428
::1 - - [16/Sep/2019:14:50:18 -0500] "GET /molle/js/paginator.min.js HTTP/1.1" 200 2188
::1 - - [16/Sep/2019:14:50:18 -0500] "GET /molle/js/main-paginate.js HTTP/1.1" 200 2377
::1 - - [16/Sep/2019:14:50:18 -0500] "GET /molle/socios/kallpa.jpg HTTP/1.1" 200 35172
::1 - - [16/Sep/2019:14:50:18 -0500] "GET /molle/socios/piter.jpg HTTP/1.1" 200 71459
::1 - - [16/Sep/2019:14:50:18 -0500] "GET /molle/socios/rescaba.jpg HTTP/1.1" 200 55897
::1 - - [16/Sep/2019:14:50:18 -0500] "GET /molle/socios/cable.jpg HTTP/1.1" 200 42578
::1 - - [16/Sep/2019:14:50:18 -0500] "GET /molle/socios/solar.jpg HTTP/1.1" 200 60216
::1 - - [16/Sep/2019:14:50:18 -0500] "GET /molle/socios/palomino.jpg HTTP/1.1" 200 48165
::1 - - [16/Sep/2019:14:50:18 -0500] "GET /molle/images/palta.jpeg HTTP/1.1" 200 29872
::1 - - [16/Sep/2019:14:50:26 -0500] "GET /molle/images/logo.png HTTP/1.1" 200 27745
::1 - - [16/Sep/2019:14:50:26 -0500] "GET /molle/images/background-cca2.png HTTP/1.1" 200 15354
::1 - - [16/Sep/2019:14:50:27 -0500] "GET /molle/images/bgcalendario.png HTTP/1.1" 200 40105
::1 - - [16/Sep/2019:14:50:27 -0500] "GET /molle/images/bgconvenios.png HTTP/1.1" 200 41237
::1 - - [16/Sep/2019:14:50:27 -0500] "GET /molle/images/bgconvenios2.png HTTP/1.1" 200 157932
::1 - - [16/Sep/2019:14:50:27 -0500] "GET /molle/images/convenios.png HTTP/1.1" 200 43496
::1 - - [16/Sep/2019:14:50:27 -0500] "GET /molle/images/bgpublicidad.jpg HTTP/1.1" 200 153511
::1 - - [16/Sep/2019:14:50:27 -0500] "GET /molle/images/tendencias-tegnologia.jpg HTTP/1.1" 200 69830
::1 - - [16/Sep/2019:14:50:27 -0500] "GET /molle/images/Capacitaci%C3%B3n2.jpg HTTP/1.1" 200 66641
::1 - - [16/Sep/2019:14:50:27 -0500] "GET /molle/images/0000070444.jpg HTTP/1.1" 200 54069
::1 - - [16/Sep/2019:14:50:27 -0500] "GET /molle/images/image_1.jpg HTTP/1.1" 200 120448
::1 - - [16/Sep/2019:14:50:27 -0500] "GET /molle/images/image_2.jpg HTTP/1.1" 200 199950
::1 - - [16/Sep/2019:14:50:27 -0500] "GET /molle/images/molle.jpg HTTP/1.1" 200 2935033
::1 - - [16/Sep/2019:14:50:27 -0500] "GET /molle/images/bg_1.jpg HTTP/1.1" 200 224992
::1 - - [16/Sep/2019:14:50:27 -0500] "GET /molle/fonts/icomoon/icomoon.ttf?6tt51o HTTP/1.1" 200 307168
::1 - - [16/Sep/2019:14:50:27 -0500] "GET /molle/fonts/ionicons/fonts/ionicons.woff2?v=4.0.0-19 HTTP/1.1" 200 50592
