2019-07-07 22:25:32 6960 [Note] Plugin 'FEDERATED' is disabled.
2019-07-07 22:25:32 6960 [Note] InnoDB: The InnoDB memory heap is disabled
2019-07-07 22:25:32 6960 [Note] InnoDB: Mutexes and rw_locks use Windows interlocked functions
2019-07-07 22:25:32 6960 [Note] InnoDB: Compressed tables use zlib 1.2.3
2019-07-07 22:25:32 6960 [Note] InnoDB: Not using CPU crc32 instructions
2019-07-07 22:25:32 6960 [Note] InnoDB: Initializing buffer pool, size = 128.0M
2019-07-07 22:25:32 6960 [Note] InnoDB: Completed initialization of buffer pool
2019-07-07 22:25:32 6960 [Note] InnoDB: Highest supported file format is Barracuda.
2019-07-07 22:25:32 6960 [Note] InnoDB: The log sequence numbers 1626134 and 1626134 in ibdata files do not match the log sequence number 2678494 in the ib_logfiles!
2019-07-07 22:25:32 6960 [Note] InnoDB: Database was not shutdown normally!
2019-07-07 22:25:32 6960 [Note] InnoDB: Starting crash recovery.
2019-07-07 22:25:32 6960 [Note] InnoDB: Reading tablespace information from the .ibd files...
2019-07-07 22:25:33 6960 [Note] InnoDB: Restoring possible half-written data pages 
2019-07-07 22:25:33 6960 [Note] InnoDB: from the doublewrite buffer...
2019-07-07 22:25:33 6960 [Note] InnoDB: 128 rollback segment(s) are active.
2019-07-07 22:25:33 6960 [Note] InnoDB: Waiting for purge to start
2019-07-07 22:25:33 6960 [Note] InnoDB: 5.6.13 started; log sequence number 2678494
2019-07-07 22:25:33 6960 [Note] Server hostname (bind-address): '*'; port: 3307
2019-07-07 22:25:33 6960 [Note] IPv6 is available.
2019-07-07 22:25:33 6960 [Note]   - '::' resolves to '::';
2019-07-07 22:25:33 6960 [Note] Server socket created on IP: '::'.
2019-07-07 22:29:00 8000 [Note] Plugin 'FEDERATED' is disabled.
2019-07-07 22:29:00 8000 [Note] InnoDB: The InnoDB memory heap is disabled
2019-07-07 22:29:00 8000 [Note] InnoDB: Mutexes and rw_locks use Windows interlocked functions
2019-07-07 22:29:00 8000 [Note] InnoDB: Compressed tables use zlib 1.2.3
2019-07-07 22:29:00 8000 [Note] InnoDB: Not using CPU crc32 instructions
2019-07-07 22:29:00 8000 [Note] InnoDB: Initializing buffer pool, size = 128.0M
2019-07-07 22:29:00 8000 [Note] InnoDB: Completed initialization of buffer pool
2019-07-07 22:29:00 8000 [Note] InnoDB: Highest supported file format is Barracuda.
2019-07-07 22:29:01 8000 [Note] InnoDB: The log sequence numbers 1626134 and 1626134 in ibdata files do not match the log sequence number 2678504 in the ib_logfiles!
2019-07-07 22:29:01 8000 [Note] InnoDB: Database was not shutdown normally!
2019-07-07 22:29:01 8000 [Note] InnoDB: Starting crash recovery.
2019-07-07 22:29:01 8000 [Note] InnoDB: Reading tablespace information from the .ibd files...
2019-07-07 22:29:01 8000 [Note] InnoDB: Restoring possible half-written data pages 
2019-07-07 22:29:01 8000 [Note] InnoDB: from the doublewrite buffer...
2019-07-07 22:29:01 8000 [Note] InnoDB: 128 rollback segment(s) are active.
2019-07-07 22:29:01 8000 [Note] InnoDB: Waiting for purge to start
2019-07-07 22:29:01 8000 [Note] InnoDB: 5.6.13 started; log sequence number 2678504
2019-07-07 22:29:01 8000 [Note] Server hostname (bind-address): '*'; port: 3307
2019-07-07 22:29:01 8000 [Note] IPv6 is available.
2019-07-07 22:29:01 8000 [Note]   - '::' resolves to '::';
2019-07-07 22:29:01 8000 [Note] Server socket created on IP: '::'.
2019-07-08 00:22:17 9628 [Note] Plugin 'FEDERATED' is disabled.
2019-07-08 00:22:17 9628 [Note] InnoDB: The InnoDB memory heap is disabled
2019-07-08 00:22:17 9628 [Note] InnoDB: Mutexes and rw_locks use Windows interlocked functions
2019-07-08 00:22:17 9628 [Note] InnoDB: Compressed tables use zlib 1.2.3
2019-07-08 00:22:17 9628 [Note] InnoDB: Not using CPU crc32 instructions
2019-07-08 00:22:17 9628 [Note] InnoDB: Initializing buffer pool, size = 128.0M
2019-07-08 00:22:17 9628 [Note] InnoDB: Completed initialization of buffer pool
2019-07-08 00:22:17 9628 [Note] InnoDB: Highest supported file format is Barracuda.
2019-07-08 00:22:17 9628 [Note] InnoDB: The log sequence numbers 1626134 and 1626134 in ibdata files do not match the log sequence number 2942626 in the ib_logfiles!
2019-07-08 00:22:17 9628 [Note] InnoDB: Database was not shutdown normally!
2019-07-08 00:22:17 9628 [Note] InnoDB: Starting crash recovery.
2019-07-08 00:22:17 9628 [Note] InnoDB: Reading tablespace information from the .ibd files...
2019-07-08 00:22:17 9628 [Note] InnoDB: Restoring possible half-written data pages 
2019-07-08 00:22:17 9628 [Note] InnoDB: from the doublewrite buffer...
2019-07-08 00:22:18 9628 [Note] InnoDB: 128 rollback segment(s) are active.
2019-07-08 00:22:18 9628 [Note] InnoDB: Waiting for purge to start
2019-07-08 00:22:18 9628 [Note] InnoDB: 5.6.13 started; log sequence number 2942626
2019-07-08 00:22:18 9628 [Note] Server hostname (bind-address): '*'; port: 3307
2019-07-08 00:22:18 9628 [Note] IPv6 is available.
2019-07-08 00:22:18 9628 [Note]   - '::' resolves to '::';
2019-07-08 00:22:18 9628 [Note] Server socket created on IP: '::'.
2019-07-08 02:13:55 9884 [Note] Plugin 'FEDERATED' is disabled.
2019-07-08 02:13:55 9884 [Note] InnoDB: The InnoDB memory heap is disabled
2019-07-08 02:13:55 9884 [Note] InnoDB: Mutexes and rw_locks use Windows interlocked functions
2019-07-08 02:13:55 9884 [Note] InnoDB: Compressed tables use zlib 1.2.3
2019-07-08 02:13:55 9884 [Note] InnoDB: Not using CPU crc32 instructions
2019-07-08 02:13:55 9884 [Note] InnoDB: Initializing buffer pool, size = 128.0M
2019-07-08 02:13:55 9884 [Note] InnoDB: Completed initialization of buffer pool
2019-07-08 02:13:56 9884 [Note] InnoDB: Highest supported file format is Barracuda.
2019-07-08 02:13:56 9884 [Note] InnoDB: The log sequence numbers 1626134 and 1626134 in ibdata files do not match the log sequence number 2942636 in the ib_logfiles!
2019-07-08 02:13:56 9884 [Note] InnoDB: Database was not shutdown normally!
2019-07-08 02:13:56 9884 [Note] InnoDB: Starting crash recovery.
2019-07-08 02:13:56 9884 [Note] InnoDB: Reading tablespace information from the .ibd files...
2019-07-08 02:13:56 9884 [Note] InnoDB: Restoring possible half-written data pages 
2019-07-08 02:13:56 9884 [Note] InnoDB: from the doublewrite buffer...
2019-07-08 02:13:58 9884 [Note] InnoDB: 128 rollback segment(s) are active.
2019-07-08 02:13:58 9884 [Note] InnoDB: Waiting for purge to start
2019-07-08 02:13:58 9884 [Note] InnoDB: 5.6.13 started; log sequence number 2942636
2019-07-08 02:13:58 9884 [Note] Server hostname (bind-address): '*'; port: 3307
2019-07-08 02:13:58 9884 [Note] IPv6 is available.
2019-07-08 02:13:58 9884 [Note]   - '::' resolves to '::';
2019-07-08 02:13:58 9884 [Note] Server socket created on IP: '::'.
2019-07-10 10:30:26 5500 [Note] Plugin 'FEDERATED' is disabled.
2019-07-10 10:30:26 5500 [Note] InnoDB: The InnoDB memory heap is disabled
2019-07-10 10:30:26 5500 [Note] InnoDB: Mutexes and rw_locks use Windows interlocked functions
2019-07-10 10:30:26 5500 [Note] InnoDB: Compressed tables use zlib 1.2.3
2019-07-10 10:30:26 5500 [Note] InnoDB: Not using CPU crc32 instructions
2019-07-10 10:30:26 5500 [Note] InnoDB: Initializing buffer pool, size = 128.0M
2019-07-10 10:30:26 5500 [Note] InnoDB: Completed initialization of buffer pool
2019-07-10 10:30:26 5500 [Note] InnoDB: Highest supported file format is Barracuda.
2019-07-10 10:30:26 5500 [Note] InnoDB: The log sequence numbers 1626134 and 1626134 in ibdata files do not match the log sequence number 3210203 in the ib_logfiles!
2019-07-10 10:30:26 5500 [Note] InnoDB: Database was not shutdown normally!
2019-07-10 10:30:26 5500 [Note] InnoDB: Starting crash recovery.
2019-07-10 10:30:26 5500 [Note] InnoDB: Reading tablespace information from the .ibd files...
2019-07-10 10:30:27 5500 [Note] InnoDB: Restoring possible half-written data pages 
2019-07-10 10:30:27 5500 [Note] InnoDB: from the doublewrite buffer...
2019-07-10 10:30:27 5500 [Note] InnoDB: 128 rollback segment(s) are active.
2019-07-10 10:30:27 5500 [Note] InnoDB: Waiting for purge to start
2019-07-10 10:30:27 5500 [Note] InnoDB: 5.6.13 started; log sequence number 3210203
2019-07-10 10:30:27 5500 [Note] Server hostname (bind-address): '*'; port: 3307
2019-07-10 10:30:27 5500 [Note] IPv6 is available.
2019-07-10 10:30:27 5500 [Note]   - '::' resolves to '::';
2019-07-10 10:30:27 5500 [Note] Server socket created on IP: '::'.
2019-07-16 10:19:53 7720 [Note] Plugin 'FEDERATED' is disabled.
2019-07-16 10:19:53 7720 [Note] InnoDB: The InnoDB memory heap is disabled
2019-07-16 10:19:53 7720 [Note] InnoDB: Mutexes and rw_locks use Windows interlocked functions
2019-07-16 10:19:53 7720 [Note] InnoDB: Compressed tables use zlib 1.2.3
2019-07-16 10:19:53 7720 [Note] InnoDB: Not using CPU crc32 instructions
2019-07-16 10:19:53 7720 [Note] InnoDB: Initializing buffer pool, size = 128.0M
2019-07-16 10:19:53 7720 [Note] InnoDB: Completed initialization of buffer pool
2019-07-16 10:19:53 7720 [Note] InnoDB: Highest supported file format is Barracuda.
2019-07-16 10:19:53 7720 [Note] InnoDB: The log sequence numbers 1626134 and 1626134 in ibdata files do not match the log sequence number 3212199 in the ib_logfiles!
2019-07-16 10:19:53 7720 [Note] InnoDB: Database was not shutdown normally!
2019-07-16 10:19:53 7720 [Note] InnoDB: Starting crash recovery.
2019-07-16 10:19:53 7720 [Note] InnoDB: Reading tablespace information from the .ibd files...
2019-07-16 10:19:53 7720 [Note] InnoDB: Restoring possible half-written data pages 
2019-07-16 10:19:53 7720 [Note] InnoDB: from the doublewrite buffer...
2019-07-16 10:19:54 7720 [Note] InnoDB: 128 rollback segment(s) are active.
2019-07-16 10:19:54 7720 [Note] InnoDB: Waiting for purge to start
2019-07-16 10:19:54 7720 [Note] InnoDB: 5.6.13 started; log sequence number 3212199
2019-07-16 10:19:54 7720 [Note] Server hostname (bind-address): '*'; port: 3307
2019-07-16 10:19:54 7720 [Note] IPv6 is available.
2019-07-16 10:19:54 7720 [Note]   - '::' resolves to '::';
2019-07-16 10:19:54 7720 [Note] Server socket created on IP: '::'.
2019-07-25 21:21:03 3916 [Note] Plugin 'FEDERATED' is disabled.
2019-07-25 21:21:03 3916 [Note] InnoDB: The InnoDB memory heap is disabled
2019-07-25 21:21:03 3916 [Note] InnoDB: Mutexes and rw_locks use Windows interlocked functions
2019-07-25 21:21:03 3916 [Note] InnoDB: Compressed tables use zlib 1.2.3
2019-07-25 21:21:03 3916 [Note] InnoDB: Not using CPU crc32 instructions
2019-07-25 21:21:03 3916 [Note] InnoDB: Initializing buffer pool, size = 128.0M
2019-07-25 21:21:03 3916 [Note] InnoDB: Completed initialization of buffer pool
2019-07-25 21:21:04 3916 [Note] InnoDB: Highest supported file format is Barracuda.
2019-07-25 21:21:04 3916 [Note] InnoDB: The log sequence numbers 1626134 and 1626134 in ibdata files do not match the log sequence number 3212209 in the ib_logfiles!
2019-07-25 21:21:04 3916 [Note] InnoDB: Database was not shutdown normally!
2019-07-25 21:21:04 3916 [Note] InnoDB: Starting crash recovery.
2019-07-25 21:21:04 3916 [Note] InnoDB: Reading tablespace information from the .ibd files...
2019-07-25 21:21:05 3916 [Note] InnoDB: Restoring possible half-written data pages 
2019-07-25 21:21:05 3916 [Note] InnoDB: from the doublewrite buffer...
2019-07-25 21:21:06 3916 [Note] InnoDB: 128 rollback segment(s) are active.
2019-07-25 21:21:06 3916 [Note] InnoDB: Waiting for purge to start
2019-07-25 21:21:06 3916 [Note] InnoDB: 5.6.13 started; log sequence number 3212209
2019-07-25 21:21:06 3916 [Note] Server hostname (bind-address): '*'; port: 3307
2019-07-25 21:21:06 3916 [Note] IPv6 is available.
2019-07-25 21:21:06 3916 [Note]   - '::' resolves to '::';
2019-07-25 21:21:06 3916 [Note] Server socket created on IP: '::'.
2019-08-02 01:02:18 6272 [Note] Plugin 'FEDERATED' is disabled.
2019-08-02 01:02:18 6272 [Note] InnoDB: The InnoDB memory heap is disabled
2019-08-02 01:02:18 6272 [Note] InnoDB: Mutexes and rw_locks use Windows interlocked functions
2019-08-02 01:02:18 6272 [Note] InnoDB: Compressed tables use zlib 1.2.3
2019-08-02 01:02:19 6272 [Note] InnoDB: Not using CPU crc32 instructions
2019-08-02 01:02:19 6272 [Note] InnoDB: Initializing buffer pool, size = 128.0M
2019-08-02 01:02:19 6272 [Note] InnoDB: Completed initialization of buffer pool
2019-08-02 01:02:19 6272 [Note] InnoDB: Highest supported file format is Barracuda.
2019-08-02 01:02:19 6272 [Note] InnoDB: The log sequence numbers 1626134 and 1626134 in ibdata files do not match the log sequence number 3212219 in the ib_logfiles!
2019-08-02 01:02:19 6272 [Note] InnoDB: Database was not shutdown normally!
2019-08-02 01:02:19 6272 [Note] InnoDB: Starting crash recovery.
2019-08-02 01:02:19 6272 [Note] InnoDB: Reading tablespace information from the .ibd files...
2019-08-02 01:02:19 6272 [Note] InnoDB: Restoring possible half-written data pages 
2019-08-02 01:02:19 6272 [Note] InnoDB: from the doublewrite buffer...
2019-08-02 01:02:19 6272 [Note] InnoDB: 128 rollback segment(s) are active.
2019-08-02 01:02:19 6272 [Note] InnoDB: Waiting for purge to start
2019-08-02 01:02:19 6272 [Note] InnoDB: 5.6.13 started; log sequence number 3212219
2019-08-02 01:02:20 6272 [Note] Server hostname (bind-address): '*'; port: 3307
2019-08-02 01:02:20 6272 [Note] IPv6 is available.
2019-08-02 01:02:20 6272 [Note]   - '::' resolves to '::';
2019-08-02 01:02:20 6272 [Note] Server socket created on IP: '::'.
2019-08-02 16:40:02 12448 [Note] Plugin 'FEDERATED' is disabled.
2019-08-02 16:40:02 12448 [Note] InnoDB: The InnoDB memory heap is disabled
2019-08-02 16:40:02 12448 [Note] InnoDB: Mutexes and rw_locks use Windows interlocked functions
2019-08-02 16:40:02 12448 [Note] InnoDB: Compressed tables use zlib 1.2.3
2019-08-02 16:40:02 12448 [Note] InnoDB: Not using CPU crc32 instructions
2019-08-02 16:40:02 12448 [Note] InnoDB: Initializing buffer pool, size = 128.0M
2019-08-02 16:40:02 12448 [Note] InnoDB: Completed initialization of buffer pool
2019-08-02 16:40:02 12448 [Note] InnoDB: Highest supported file format is Barracuda.
2019-08-02 16:40:02 12448 [Note] InnoDB: The log sequence numbers 1626134 and 1626134 in ibdata files do not match the log sequence number 3212229 in the ib_logfiles!
2019-08-02 16:40:02 12448 [Note] InnoDB: Database was not shutdown normally!
2019-08-02 16:40:02 12448 [Note] InnoDB: Starting crash recovery.
2019-08-02 16:40:02 12448 [Note] InnoDB: Reading tablespace information from the .ibd files...
2019-08-02 16:40:02 12448 [Note] InnoDB: Restoring possible half-written data pages 
2019-08-02 16:40:02 12448 [Note] InnoDB: from the doublewrite buffer...
2019-08-02 16:40:03 12448 [Note] InnoDB: 128 rollback segment(s) are active.
2019-08-02 16:40:03 12448 [Note] InnoDB: Waiting for purge to start
2019-08-02 16:40:03 12448 [Note] InnoDB: 5.6.13 started; log sequence number 3212229
2019-08-02 16:40:03 12448 [Note] Server hostname (bind-address): '*'; port: 3307
2019-08-02 16:40:03 12448 [Note] IPv6 is available.
2019-08-02 16:40:03 12448 [Note]   - '::' resolves to '::';
2019-08-02 16:40:03 12448 [Note] Server socket created on IP: '::'.
2019-08-05 12:18:08 12144 [Note] Plugin 'FEDERATED' is disabled.
2019-08-05 12:18:08 12144 [Note] InnoDB: The InnoDB memory heap is disabled
2019-08-05 12:18:08 12144 [Note] InnoDB: Mutexes and rw_locks use Windows interlocked functions
2019-08-05 12:18:08 12144 [Note] InnoDB: Compressed tables use zlib 1.2.3
2019-08-05 12:18:08 12144 [Note] InnoDB: Not using CPU crc32 instructions
2019-08-05 12:18:08 12144 [Note] InnoDB: Initializing buffer pool, size = 128.0M
2019-08-05 12:18:08 12144 [Note] InnoDB: Completed initialization of buffer pool
2019-08-05 12:18:08 12144 [Note] InnoDB: Highest supported file format is Barracuda.
2019-08-05 12:18:08 12144 [Note] InnoDB: The log sequence numbers 1626134 and 1626134 in ibdata files do not match the log sequence number 3212239 in the ib_logfiles!
2019-08-05 12:18:08 12144 [Note] InnoDB: Database was not shutdown normally!
2019-08-05 12:18:08 12144 [Note] InnoDB: Starting crash recovery.
2019-08-05 12:18:08 12144 [Note] InnoDB: Reading tablespace information from the .ibd files...
2019-08-05 12:18:08 12144 [Note] InnoDB: Restoring possible half-written data pages 
2019-08-05 12:18:08 12144 [Note] InnoDB: from the doublewrite buffer...
2019-08-05 12:18:09 12144 [Note] InnoDB: 128 rollback segment(s) are active.
2019-08-05 12:18:09 12144 [Note] InnoDB: Waiting for purge to start
2019-08-05 12:18:09 12144 [Note] InnoDB: 5.6.13 started; log sequence number 3212239
2019-08-05 12:18:09 12144 [Note] Server hostname (bind-address): '*'; port: 3307
2019-08-05 12:18:09 12144 [Note] IPv6 is available.
2019-08-05 12:18:09 12144 [Note]   - '::' resolves to '::';
2019-08-05 12:18:09 12144 [Note] Server socket created on IP: '::'.
2019-08-05 20:21:23 8728 [Note] Plugin 'FEDERATED' is disabled.
2019-08-05 20:21:23 8728 [Note] InnoDB: The InnoDB memory heap is disabled
2019-08-05 20:21:23 8728 [Note] InnoDB: Mutexes and rw_locks use Windows interlocked functions
2019-08-05 20:21:23 8728 [Note] InnoDB: Compressed tables use zlib 1.2.3
2019-08-05 20:21:23 8728 [Note] InnoDB: Not using CPU crc32 instructions
2019-08-05 20:21:23 8728 [Note] InnoDB: Initializing buffer pool, size = 128.0M
2019-08-05 20:21:23 8728 [Note] InnoDB: Completed initialization of buffer pool
2019-08-05 20:21:23 8728 [Note] InnoDB: Highest supported file format is Barracuda.
2019-08-05 20:21:23 8728 [Note] InnoDB: The log sequence numbers 1626134 and 1626134 in ibdata files do not match the log sequence number 3212249 in the ib_logfiles!
2019-08-05 20:21:23 8728 [Note] InnoDB: Database was not shutdown normally!
2019-08-05 20:21:23 8728 [Note] InnoDB: Starting crash recovery.
2019-08-05 20:21:23 8728 [Note] InnoDB: Reading tablespace information from the .ibd files...
2019-08-05 20:21:24 8728 [Note] InnoDB: Restoring possible half-written data pages 
2019-08-05 20:21:24 8728 [Note] InnoDB: from the doublewrite buffer...
2019-08-05 20:21:24 8728 [Note] InnoDB: 128 rollback segment(s) are active.
2019-08-05 20:21:24 8728 [Note] InnoDB: Waiting for purge to start
2019-08-05 20:21:24 8728 [Note] InnoDB: 5.6.13 started; log sequence number 3212249
2019-08-05 20:21:24 8728 [Note] Server hostname (bind-address): '*'; port: 3307
2019-08-05 20:21:24 8728 [Note] IPv6 is available.
2019-08-05 20:21:24 8728 [Note]   - '::' resolves to '::';
2019-08-05 20:21:24 8728 [Note] Server socket created on IP: '::'.
2019-08-24 16:39:01 17372 [Note] Plugin 'FEDERATED' is disabled.
2019-08-24 16:39:01 17372 [Note] InnoDB: The InnoDB memory heap is disabled
2019-08-24 16:39:01 17372 [Note] InnoDB: Mutexes and rw_locks use Windows interlocked functions
2019-08-24 16:39:01 17372 [Note] InnoDB: Compressed tables use zlib 1.2.3
2019-08-24 16:39:01 17372 [Note] InnoDB: Not using CPU crc32 instructions
2019-08-24 16:39:01 17372 [Note] InnoDB: Initializing buffer pool, size = 128.0M
2019-08-24 16:39:01 17372 [Note] InnoDB: Completed initialization of buffer pool
2019-08-24 16:39:02 17372 [Note] InnoDB: Highest supported file format is Barracuda.
2019-08-24 16:39:02 17372 [Note] InnoDB: The log sequence numbers 1626134 and 1626134 in ibdata files do not match the log sequence number 3212259 in the ib_logfiles!
2019-08-24 16:39:02 17372 [Note] InnoDB: Database was not shutdown normally!
2019-08-24 16:39:02 17372 [Note] InnoDB: Starting crash recovery.
2019-08-24 16:39:02 17372 [Note] InnoDB: Reading tablespace information from the .ibd files...
2019-08-24 16:39:02 17372 [Note] InnoDB: Restoring possible half-written data pages 
2019-08-24 16:39:02 17372 [Note] InnoDB: from the doublewrite buffer...
2019-08-24 16:39:03 17372 [Note] InnoDB: 128 rollback segment(s) are active.
2019-08-24 16:39:03 17372 [Note] InnoDB: Waiting for purge to start
2019-08-24 16:39:03 17372 [Note] InnoDB: 5.6.13 started; log sequence number 3212259
2019-08-24 16:39:03 17372 [Note] Server hostname (bind-address): '*'; port: 3307
2019-08-24 16:39:03 17372 [Note] IPv6 is available.
2019-08-24 16:39:03 17372 [Note]   - '::' resolves to '::';
2019-08-24 16:39:03 17372 [Note] Server socket created on IP: '::'.
2019-08-24 18:07:44 10684 [Note] Plugin 'FEDERATED' is disabled.
2019-08-24 18:07:44 10684 [Note] InnoDB: The InnoDB memory heap is disabled
2019-08-24 18:07:44 10684 [Note] InnoDB: Mutexes and rw_locks use Windows interlocked functions
2019-08-24 18:07:44 10684 [Note] InnoDB: Compressed tables use zlib 1.2.3
2019-08-24 18:07:44 10684 [Note] InnoDB: Not using CPU crc32 instructions
2019-08-24 18:07:44 10684 [Note] InnoDB: Initializing buffer pool, size = 128.0M
2019-08-24 18:07:44 10684 [Note] InnoDB: Completed initialization of buffer pool
2019-08-24 18:07:44 10684 [Note] InnoDB: Highest supported file format is Barracuda.
2019-08-24 18:07:44 10684 [Note] InnoDB: The log sequence numbers 1626134 and 1626134 in ibdata files do not match the log sequence number 3301235 in the ib_logfiles!
2019-08-24 18:07:44 10684 [Note] InnoDB: Database was not shutdown normally!
2019-08-24 18:07:44 10684 [Note] InnoDB: Starting crash recovery.
2019-08-24 18:07:44 10684 [Note] InnoDB: Reading tablespace information from the .ibd files...
2019-08-24 18:07:44 10684 [Note] InnoDB: Restoring possible half-written data pages 
2019-08-24 18:07:44 10684 [Note] InnoDB: from the doublewrite buffer...
2019-08-24 18:07:46 10684 [Note] InnoDB: 128 rollback segment(s) are active.
2019-08-24 18:07:46 10684 [Note] InnoDB: Waiting for purge to start
2019-08-24 18:07:46 10684 [Note] InnoDB: 5.6.13 started; log sequence number 3301235
2019-08-24 18:07:46 10684 [Note] Server hostname (bind-address): '*'; port: 3307
2019-08-24 18:07:46 10684 [Note] IPv6 is available.
2019-08-24 18:07:46 10684 [Note]   - '::' resolves to '::';
2019-08-24 18:07:46 10684 [Note] Server socket created on IP: '::'.
2019-08-26 11:27:30 13272 [Note] Plugin 'FEDERATED' is disabled.
2019-08-26 11:27:30 13272 [Note] InnoDB: The InnoDB memory heap is disabled
2019-08-26 11:27:30 13272 [Note] InnoDB: Mutexes and rw_locks use Windows interlocked functions
2019-08-26 11:27:30 13272 [Note] InnoDB: Compressed tables use zlib 1.2.3
2019-08-26 11:27:30 13272 [Note] InnoDB: Not using CPU crc32 instructions
2019-08-26 11:27:30 13272 [Note] InnoDB: Initializing buffer pool, size = 128.0M
2019-08-26 11:27:30 13272 [Note] InnoDB: Completed initialization of buffer pool
2019-08-26 11:27:30 13272 [Note] InnoDB: Highest supported file format is Barracuda.
2019-08-26 11:27:30 13272 [Note] InnoDB: The log sequence numbers 1626134 and 1626134 in ibdata files do not match the log sequence number 3301245 in the ib_logfiles!
2019-08-26 11:27:30 13272 [Note] InnoDB: Database was not shutdown normally!
2019-08-26 11:27:30 13272 [Note] InnoDB: Starting crash recovery.
2019-08-26 11:27:30 13272 [Note] InnoDB: Reading tablespace information from the .ibd files...
2019-08-26 11:27:31 13272 [Note] InnoDB: Restoring possible half-written data pages 
2019-08-26 11:27:31 13272 [Note] InnoDB: from the doublewrite buffer...
2019-08-26 11:27:31 13272 [Note] InnoDB: 128 rollback segment(s) are active.
2019-08-26 11:27:31 13272 [Note] InnoDB: Waiting for purge to start
2019-08-26 11:27:31 13272 [Note] InnoDB: 5.6.13 started; log sequence number 3301245
2019-08-26 11:27:31 13272 [Note] Server hostname (bind-address): '*'; port: 3307
2019-08-26 11:27:31 13272 [Note] IPv6 is available.
2019-08-26 11:27:31 13272 [Note]   - '::' resolves to '::';
2019-08-26 11:27:31 13272 [Note] Server socket created on IP: '::'.
