2019-06-14 20:30:37 12748 [Note] Plugin 'FEDERATED' is disabled.
2019-06-14 20:30:37 12748 [Note] InnoDB: The InnoDB memory heap is disabled
2019-06-14 20:30:37 12748 [Note] InnoDB: Mutexes and rw_locks use Windows interlocked functions
2019-06-14 20:30:37 12748 [Note] InnoDB: Compressed tables use zlib 1.2.3
2019-06-14 20:30:37 12748 [Note] InnoDB: Not using CPU crc32 instructions
2019-06-14 20:30:37 12748 [Note] InnoDB: Initializing buffer pool, size = 128.0M
2019-06-14 20:30:37 12748 [Note] InnoDB: Completed initialization of buffer pool
2019-06-14 20:30:37 12748 [Note] InnoDB: Setting log file D:\KEY\mysql\data\ib_logfile101 size to 5 MB
2019-06-14 20:30:37 12748 [Note] InnoDB: Setting log file D:\KEY\mysql\data\ib_logfile1 size to 5 MB
2019-06-14 20:30:37 12748 [Note] InnoDB: Renaming log file D:\KEY\mysql\data\ib_logfile101 to D:\KEY\mysql\data\ib_logfile0
2019-06-14 20:30:37 12748 [Warning] InnoDB: New log files created, LSN=1626134
2019-06-14 20:30:37 12748 [Note] InnoDB: Highest supported file format is Barracuda.
2019-06-14 20:30:38 12748 [Note] InnoDB: 128 rollback segment(s) are active.
2019-06-14 20:30:38 12748 [Note] InnoDB: Waiting for purge to start
2019-06-14 20:30:38 12748 [Note] InnoDB: 5.6.13 started; log sequence number 1626636
2019-06-14 20:30:38 12748 [Warning] No existing UUID has been found, so we assume that this is the first time that this server has been started. Generating a new UUID: 2e31d025-8f0d-11e9-87ac-8c1645953b3c.
2019-06-14 20:30:38 12748 [Note] Server hostname (bind-address): '*'; port: 3307
2019-06-14 20:30:38 12748 [Note] IPv6 is available.
2019-06-14 20:30:38 12748 [Note]   - '::' resolves to '::';
2019-06-14 20:30:38 12748 [Note] Server socket created on IP: '::'.
2019-06-18 03:31:09 18376 [Note] Plugin 'FEDERATED' is disabled.
2019-06-18 03:31:09 18376 [Note] InnoDB: The InnoDB memory heap is disabled
2019-06-18 03:31:09 18376 [Note] InnoDB: Mutexes and rw_locks use Windows interlocked functions
2019-06-18 03:31:09 18376 [Note] InnoDB: Compressed tables use zlib 1.2.3
2019-06-18 03:31:09 18376 [Note] InnoDB: Not using CPU crc32 instructions
2019-06-18 03:31:09 18376 [Note] InnoDB: Initializing buffer pool, size = 128.0M
2019-06-18 03:31:09 18376 [Note] InnoDB: Completed initialization of buffer pool
2019-06-18 03:31:09 18376 [Note] InnoDB: Highest supported file format is Barracuda.
2019-06-18 03:31:09 18376 [Note] InnoDB: The log sequence numbers 1626134 and 1626134 in ibdata files do not match the log sequence number 1683299 in the ib_logfiles!
2019-06-18 03:31:09 18376 [Note] InnoDB: Database was not shutdown normally!
2019-06-18 03:31:09 18376 [Note] InnoDB: Starting crash recovery.
2019-06-18 03:31:09 18376 [Note] InnoDB: Reading tablespace information from the .ibd files...
2019-06-18 03:31:10 18376 [Note] InnoDB: Restoring possible half-written data pages 
2019-06-18 03:31:10 18376 [Note] InnoDB: from the doublewrite buffer...
2019-06-18 03:31:10 18376 [Note] InnoDB: 128 rollback segment(s) are active.
2019-06-18 03:31:10 18376 [Note] InnoDB: Waiting for purge to start
2019-06-18 03:31:10 18376 [Note] InnoDB: 5.6.13 started; log sequence number 1683299
2019-06-18 03:31:10 18376 [Note] Server hostname (bind-address): '*'; port: 3307
2019-06-18 03:31:10 18376 [Note] IPv6 is available.
2019-06-18 03:31:10 18376 [Note]   - '::' resolves to '::';
2019-06-18 03:31:10 18376 [Note] Server socket created on IP: '::'.
2019-06-18 03:32:33 16620 [Note] Plugin 'FEDERATED' is disabled.
2019-06-18 03:32:33 16620 [Note] InnoDB: The InnoDB memory heap is disabled
2019-06-18 03:32:33 16620 [Note] InnoDB: Mutexes and rw_locks use Windows interlocked functions
2019-06-18 03:32:33 16620 [Note] InnoDB: Compressed tables use zlib 1.2.3
2019-06-18 03:32:33 16620 [Note] InnoDB: Not using CPU crc32 instructions
2019-06-18 03:32:33 16620 [Note] InnoDB: Initializing buffer pool, size = 128.0M
2019-06-18 03:32:33 16620 [Note] InnoDB: Completed initialization of buffer pool
2019-06-18 03:32:33 16620 [Note] InnoDB: Highest supported file format is Barracuda.
2019-06-18 03:32:33 16620 [Note] InnoDB: The log sequence numbers 1626134 and 1626134 in ibdata files do not match the log sequence number 1683309 in the ib_logfiles!
2019-06-18 03:32:33 16620 [Note] InnoDB: Database was not shutdown normally!
2019-06-18 03:32:33 16620 [Note] InnoDB: Starting crash recovery.
2019-06-18 03:32:33 16620 [Note] InnoDB: Reading tablespace information from the .ibd files...
2019-06-18 03:32:33 16620 [Note] InnoDB: Restoring possible half-written data pages 
2019-06-18 03:32:33 16620 [Note] InnoDB: from the doublewrite buffer...
2019-06-18 03:32:34 16620 [Note] InnoDB: 128 rollback segment(s) are active.
2019-06-18 03:32:34 16620 [Note] InnoDB: Waiting for purge to start
2019-06-18 03:32:34 16620 [Note] InnoDB: 5.6.13 started; log sequence number 1683309
2019-06-18 03:32:34 16620 [Note] Server hostname (bind-address): '*'; port: 3307
2019-06-18 03:32:34 16620 [Note] IPv6 is available.
2019-06-18 03:32:34 16620 [Note]   - '::' resolves to '::';
2019-06-18 03:32:34 16620 [Note] Server socket created on IP: '::'.
2019-06-19 11:11:12 15996 [Note] Plugin 'FEDERATED' is disabled.
2019-06-19 11:11:12 15996 [Note] InnoDB: The InnoDB memory heap is disabled
2019-06-19 11:11:12 15996 [Note] InnoDB: Mutexes and rw_locks use Windows interlocked functions
2019-06-19 11:11:12 15996 [Note] InnoDB: Compressed tables use zlib 1.2.3
2019-06-19 11:11:12 15996 [Note] InnoDB: Not using CPU crc32 instructions
2019-06-19 11:11:12 15996 [Note] InnoDB: Initializing buffer pool, size = 128.0M
2019-06-19 11:11:12 15996 [Note] InnoDB: Completed initialization of buffer pool
2019-06-19 11:11:12 15996 [Note] InnoDB: Highest supported file format is Barracuda.
2019-06-19 11:11:12 15996 [Note] InnoDB: The log sequence numbers 1626134 and 1626134 in ibdata files do not match the log sequence number 2187490 in the ib_logfiles!
2019-06-19 11:11:12 15996 [Note] InnoDB: Database was not shutdown normally!
2019-06-19 11:11:12 15996 [Note] InnoDB: Starting crash recovery.
2019-06-19 11:11:12 15996 [Note] InnoDB: Reading tablespace information from the .ibd files...
2019-06-19 11:11:12 15996 [Note] InnoDB: Restoring possible half-written data pages 
2019-06-19 11:11:12 15996 [Note] InnoDB: from the doublewrite buffer...
2019-06-19 11:11:13 15996 [Note] InnoDB: 128 rollback segment(s) are active.
2019-06-19 11:11:13 15996 [Note] InnoDB: Waiting for purge to start
2019-06-19 11:11:13 15996 [Note] InnoDB: 5.6.13 started; log sequence number 2187490
2019-06-19 11:11:13 15996 [Note] Server hostname (bind-address): '*'; port: 3307
2019-06-19 11:11:13 15996 [Note] IPv6 is available.
2019-06-19 11:11:13 15996 [Note]   - '::' resolves to '::';
2019-06-19 11:11:13 15996 [Note] Server socket created on IP: '::'.
2019-06-21 21:02:52 11248 [Note] Plugin 'FEDERATED' is disabled.
2019-06-21 21:02:52 11248 [Note] InnoDB: The InnoDB memory heap is disabled
2019-06-21 21:02:52 11248 [Note] InnoDB: Mutexes and rw_locks use Windows interlocked functions
2019-06-21 21:02:52 11248 [Note] InnoDB: Compressed tables use zlib 1.2.3
2019-06-21 21:02:52 11248 [Note] InnoDB: Not using CPU crc32 instructions
2019-06-21 21:02:52 11248 [Note] InnoDB: Initializing buffer pool, size = 128.0M
2019-06-21 21:02:52 11248 [Note] InnoDB: Completed initialization of buffer pool
2019-06-21 21:02:52 11248 [Note] InnoDB: Highest supported file format is Barracuda.
2019-06-21 21:02:52 11248 [Note] InnoDB: The log sequence numbers 1626134 and 1626134 in ibdata files do not match the log sequence number 2187500 in the ib_logfiles!
2019-06-21 21:02:52 11248 [Note] InnoDB: Database was not shutdown normally!
2019-06-21 21:02:52 11248 [Note] InnoDB: Starting crash recovery.
2019-06-21 21:02:52 11248 [Note] InnoDB: Reading tablespace information from the .ibd files...
2019-06-21 21:02:53 11248 [Note] InnoDB: Restoring possible half-written data pages 
2019-06-21 21:02:53 11248 [Note] InnoDB: from the doublewrite buffer...
2019-06-21 21:02:53 11248 [Note] InnoDB: 128 rollback segment(s) are active.
2019-06-21 21:02:53 11248 [Note] InnoDB: Waiting for purge to start
2019-06-21 21:02:53 11248 [Note] InnoDB: 5.6.13 started; log sequence number 2187500
2019-06-21 21:02:53 11248 [Note] Server hostname (bind-address): '*'; port: 3307
2019-06-21 21:02:54 11248 [Note] IPv6 is available.
2019-06-21 21:02:54 11248 [Note]   - '::' resolves to '::';
2019-06-21 21:02:54 11248 [Note] Server socket created on IP: '::'.
2019-06-25 21:20:11 13436 [Note] Plugin 'FEDERATED' is disabled.
2019-06-25 21:20:12 13436 [Note] InnoDB: The InnoDB memory heap is disabled
2019-06-25 21:20:12 13436 [Note] InnoDB: Mutexes and rw_locks use Windows interlocked functions
2019-06-25 21:20:12 13436 [Note] InnoDB: Compressed tables use zlib 1.2.3
2019-06-25 21:20:12 13436 [Note] InnoDB: Not using CPU crc32 instructions
2019-06-25 21:20:12 13436 [Note] InnoDB: Initializing buffer pool, size = 128.0M
2019-06-25 21:20:12 13436 [Note] InnoDB: Completed initialization of buffer pool
2019-06-25 21:20:12 13436 [Note] InnoDB: Highest supported file format is Barracuda.
2019-06-25 21:20:12 13436 [Note] InnoDB: The log sequence numbers 1626134 and 1626134 in ibdata files do not match the log sequence number 2678424 in the ib_logfiles!
2019-06-25 21:20:12 13436 [Note] InnoDB: Database was not shutdown normally!
2019-06-25 21:20:12 13436 [Note] InnoDB: Starting crash recovery.
2019-06-25 21:20:12 13436 [Note] InnoDB: Reading tablespace information from the .ibd files...
2019-06-25 21:20:12 13436 [Note] InnoDB: Restoring possible half-written data pages 
2019-06-25 21:20:12 13436 [Note] InnoDB: from the doublewrite buffer...
2019-06-25 21:20:13 13436 [Note] InnoDB: 128 rollback segment(s) are active.
2019-06-25 21:20:13 13436 [Note] InnoDB: Waiting for purge to start
2019-06-25 21:20:13 13436 [Note] InnoDB: 5.6.13 started; log sequence number 2678424
2019-06-25 21:20:13 13436 [Note] Server hostname (bind-address): '*'; port: 3307
2019-06-25 21:20:13 13436 [Note] IPv6 is available.
2019-06-25 21:20:13 13436 [Note]   - '::' resolves to '::';
2019-06-25 21:20:13 13436 [Note] Server socket created on IP: '::'.
2019-06-26 09:07:06 7624 [Note] Plugin 'FEDERATED' is disabled.
2019-06-26 09:07:06 7624 [Note] InnoDB: The InnoDB memory heap is disabled
2019-06-26 09:07:06 7624 [Note] InnoDB: Mutexes and rw_locks use Windows interlocked functions
2019-06-26 09:07:06 7624 [Note] InnoDB: Compressed tables use zlib 1.2.3
2019-06-26 09:07:06 7624 [Note] InnoDB: Not using CPU crc32 instructions
2019-06-26 09:07:06 7624 [Note] InnoDB: Initializing buffer pool, size = 128.0M
2019-06-26 09:07:06 7624 [Note] InnoDB: Completed initialization of buffer pool
2019-06-26 09:07:07 7624 [Note] InnoDB: Highest supported file format is Barracuda.
2019-06-26 09:07:07 7624 [Note] InnoDB: The log sequence numbers 1626134 and 1626134 in ibdata files do not match the log sequence number 2678434 in the ib_logfiles!
2019-06-26 09:07:07 7624 [Note] InnoDB: Database was not shutdown normally!
2019-06-26 09:07:07 7624 [Note] InnoDB: Starting crash recovery.
2019-06-26 09:07:07 7624 [Note] InnoDB: Reading tablespace information from the .ibd files...
2019-06-26 09:07:08 7624 [Note] InnoDB: Restoring possible half-written data pages 
2019-06-26 09:07:08 7624 [Note] InnoDB: from the doublewrite buffer...
2019-06-26 09:07:09 7624 [Note] InnoDB: 128 rollback segment(s) are active.
2019-06-26 09:07:09 7624 [Note] InnoDB: Waiting for purge to start
2019-06-26 09:07:09 7624 [Note] InnoDB: 5.6.13 started; log sequence number 2678434
2019-06-26 09:07:09 7624 [Note] Server hostname (bind-address): '*'; port: 3307
2019-06-26 09:07:09 7624 [Note] IPv6 is available.
2019-06-26 09:07:09 7624 [Note]   - '::' resolves to '::';
2019-06-26 09:07:09 7624 [Note] Server socket created on IP: '::'.
2019-06-27 11:37:08 8372 [Note] Plugin 'FEDERATED' is disabled.
2019-06-27 11:37:08 8372 [Note] InnoDB: The InnoDB memory heap is disabled
2019-06-27 11:37:08 8372 [Note] InnoDB: Mutexes and rw_locks use Windows interlocked functions
2019-06-27 11:37:08 8372 [Note] InnoDB: Compressed tables use zlib 1.2.3
2019-06-27 11:37:08 8372 [Note] InnoDB: Not using CPU crc32 instructions
2019-06-27 11:37:08 8372 [Note] InnoDB: Initializing buffer pool, size = 128.0M
2019-06-27 11:37:08 8372 [Note] InnoDB: Completed initialization of buffer pool
2019-06-27 11:37:08 8372 [ERROR] InnoDB: D:\KEY\mysql\data\ibdata1 can't be opened in read-write mode
2019-06-27 11:37:08 8372 [ERROR] InnoDB: The system tablespace must be writable!
2019-06-27 11:37:08 8372 [ERROR] Plugin 'InnoDB' init function returned error.
2019-06-27 11:37:08 8372 [ERROR] Plugin 'InnoDB' registration as a STORAGE ENGINE failed.
2019-06-27 11:37:08 8372 [ERROR] Unknown/unsupported storage engine: InnoDB
2019-06-27 11:37:08 8372 [ERROR] Aborting

2019-06-27 11:37:08 8372 [Note] Binlog end
2019-06-27 11:37:08 8372 [Note] Shutting down plugin 'partition'
2019-06-27 11:37:08 8372 [Note] Shutting down plugin 'PERFORMANCE_SCHEMA'
2019-06-27 11:37:08 8372 [Note] Shutting down plugin 'INNODB_SYS_DATAFILES'
2019-06-27 11:37:08 8372 [Note] Shutting down plugin 'INNODB_SYS_TABLESPACES'
2019-06-27 11:37:08 8372 [Note] Shutting down plugin 'INNODB_SYS_FOREIGN_COLS'
2019-06-27 11:37:08 8372 [Note] Shutting down plugin 'INNODB_SYS_FOREIGN'
2019-06-27 11:37:08 8372 [Note] Shutting down plugin 'INNODB_SYS_FIELDS'
2019-06-27 11:37:08 8372 [Note] Shutting down plugin 'INNODB_SYS_COLUMNS'
2019-06-27 11:37:08 8372 [Note] Shutting down plugin 'INNODB_SYS_INDEXES'
2019-06-27 11:37:08 8372 [Note] Shutting down plugin 'INNODB_SYS_TABLESTATS'
2019-06-27 11:37:08 8372 [Note] Shutting down plugin 'INNODB_SYS_TABLES'
2019-06-27 11:37:08 8372 [Note] Shutting down plugin 'INNODB_FT_INDEX_TABLE'
2019-06-27 11:37:08 8372 [Note] Shutting down plugin 'INNODB_FT_INDEX_CACHE'
2019-06-27 11:37:08 8372 [Note] Shutting down plugin 'INNODB_FT_CONFIG'
2019-06-27 11:37:08 8372 [Note] Shutting down plugin 'INNODB_FT_BEING_DELETED'
2019-06-27 11:37:08 8372 [Note] Shutting down plugin 'INNODB_FT_DELETED'
2019-06-27 11:37:08 8372 [Note] Shutting down plugin 'INNODB_FT_DEFAULT_STOPWORD'
2019-06-27 11:37:08 8372 [Note] Shutting down plugin 'INNODB_METRICS'
2019-06-27 11:37:08 8372 [Note] Shutting down plugin 'INNODB_BUFFER_POOL_STATS'
2019-06-27 11:37:08 8372 [Note] Shutting down plugin 'INNODB_BUFFER_PAGE_LRU'
2019-06-27 11:37:08 8372 [Note] Shutting down plugin 'INNODB_BUFFER_PAGE'
2019-06-27 11:37:08 8372 [Note] Shutting down plugin 'INNODB_CMP_PER_INDEX_RESET'
2019-06-27 11:37:08 8372 [Note] Shutting down plugin 'INNODB_CMP_PER_INDEX'
2019-06-27 11:37:08 8372 [Note] Shutting down plugin 'INNODB_CMPMEM_RESET'
2019-06-27 11:37:08 8372 [Note] Shutting down plugin 'INNODB_CMPMEM'
2019-06-27 11:37:08 8372 [Note] Shutting down plugin 'INNODB_CMP_RESET'
2019-06-27 11:37:08 8372 [Note] Shutting down plugin 'INNODB_CMP'
2019-06-27 11:37:08 8372 [Note] Shutting down plugin 'INNODB_LOCK_WAITS'
2019-06-27 11:37:08 8372 [Note] Shutting down plugin 'INNODB_LOCKS'
2019-06-27 11:37:08 8372 [Note] Shutting down plugin 'INNODB_TRX'
2019-06-27 11:37:08 8372 [Note] Shutting down plugin 'BLACKHOLE'
2019-06-27 11:37:08 8372 [Note] Shutting down plugin 'ARCHIVE'
2019-06-27 11:37:08 8372 [Note] Shutting down plugin 'MRG_MYISAM'
2019-06-27 11:37:08 8372 [Note] Shutting down plugin 'MyISAM'
2019-06-27 11:37:08 8372 [Note] Shutting down plugin 'MEMORY'
2019-06-27 11:37:08 8372 [Note] Shutting down plugin 'CSV'
2019-06-27 11:37:08 8372 [Note] Shutting down plugin 'sha256_password'
2019-06-27 11:37:08 8372 [Note] Shutting down plugin 'mysql_old_password'
2019-06-27 11:37:08 8372 [Note] Shutting down plugin 'mysql_native_password'
2019-06-27 11:37:08 8372 [Note] Shutting down plugin 'binlog'
2019-06-27 11:37:08 8372 [Note] D:\KEY/mysql/bin/mysqld_usbwv8.exe: Shutdown complete

2019-06-27 12:28:26 15828 [Note] Plugin 'FEDERATED' is disabled.
2019-06-27 12:28:26 15828 [Note] InnoDB: The InnoDB memory heap is disabled
2019-06-27 12:28:26 15828 [Note] InnoDB: Mutexes and rw_locks use Windows interlocked functions
2019-06-27 12:28:26 15828 [Note] InnoDB: Compressed tables use zlib 1.2.3
2019-06-27 12:28:26 15828 [Note] InnoDB: Not using CPU crc32 instructions
2019-06-27 12:28:26 15828 [Note] InnoDB: Initializing buffer pool, size = 128.0M
2019-06-27 12:28:26 15828 [Note] InnoDB: Completed initialization of buffer pool
2019-06-27 12:28:26 15828 [Note] InnoDB: Highest supported file format is Barracuda.
2019-06-27 12:28:26 15828 [Note] InnoDB: The log sequence numbers 1626134 and 1626134 in ibdata files do not match the log sequence number 2678444 in the ib_logfiles!
2019-06-27 12:28:26 15828 [Note] InnoDB: Database was not shutdown normally!
2019-06-27 12:28:26 15828 [Note] InnoDB: Starting crash recovery.
2019-06-27 12:28:26 15828 [Note] InnoDB: Reading tablespace information from the .ibd files...
2019-06-27 12:28:27 15828 [Note] InnoDB: Restoring possible half-written data pages 
2019-06-27 12:28:27 15828 [Note] InnoDB: from the doublewrite buffer...
2019-06-27 12:28:28 15828 [Note] InnoDB: 128 rollback segment(s) are active.
2019-06-27 12:28:28 15828 [Note] InnoDB: Waiting for purge to start
2019-06-27 12:28:28 15828 [Note] InnoDB: 5.6.13 started; log sequence number 2678444
2019-06-27 12:28:28 15828 [Note] Server hostname (bind-address): '*'; port: 3307
2019-06-27 12:28:28 15828 [Note] IPv6 is available.
2019-06-27 12:28:28 15828 [Note]   - '::' resolves to '::';
2019-06-27 12:28:28 15828 [Note] Server socket created on IP: '::'.
2019-06-28 15:39:25 9484 [Note] Plugin 'FEDERATED' is disabled.
2019-06-28 15:39:25 9484 [Note] InnoDB: The InnoDB memory heap is disabled
2019-06-28 15:39:25 9484 [Note] InnoDB: Mutexes and rw_locks use Windows interlocked functions
2019-06-28 15:39:25 9484 [Note] InnoDB: Compressed tables use zlib 1.2.3
2019-06-28 15:39:26 9484 [Note] InnoDB: Not using CPU crc32 instructions
2019-06-28 15:39:26 9484 [Note] InnoDB: Initializing buffer pool, size = 128.0M
2019-06-28 15:39:26 9484 [Note] InnoDB: Completed initialization of buffer pool
2019-06-28 15:39:27 9484 [Note] InnoDB: Highest supported file format is Barracuda.
2019-06-28 15:39:27 9484 [Note] InnoDB: The log sequence numbers 1626134 and 1626134 in ibdata files do not match the log sequence number 2678454 in the ib_logfiles!
2019-06-28 15:39:27 9484 [Note] InnoDB: Database was not shutdown normally!
2019-06-28 15:39:27 9484 [Note] InnoDB: Starting crash recovery.
2019-06-28 15:39:27 9484 [Note] InnoDB: Reading tablespace information from the .ibd files...
2019-06-28 15:39:28 9484 [Note] InnoDB: Restoring possible half-written data pages 
2019-06-28 15:39:28 9484 [Note] InnoDB: from the doublewrite buffer...
2019-06-28 15:39:33 9484 [Note] InnoDB: 128 rollback segment(s) are active.
2019-06-28 15:39:33 9484 [Note] InnoDB: Waiting for purge to start
2019-06-28 15:39:33 9484 [Note] InnoDB: 5.6.13 started; log sequence number 2678454
2019-06-28 15:39:34 9484 [Note] Server hostname (bind-address): '*'; port: 3307
2019-06-28 15:39:34 9484 [Note] IPv6 is available.
2019-06-28 15:39:34 9484 [Note]   - '::' resolves to '::';
2019-06-28 15:39:34 9484 [Note] Server socket created on IP: '::'.
2019-06-28 15:48:47 14028 [Note] Plugin 'FEDERATED' is disabled.
2019-06-28 15:48:47 14028 [Note] InnoDB: The InnoDB memory heap is disabled
2019-06-28 15:48:47 14028 [Note] InnoDB: Mutexes and rw_locks use Windows interlocked functions
2019-06-28 15:48:47 14028 [Note] InnoDB: Compressed tables use zlib 1.2.3
2019-06-28 15:48:47 14028 [Note] InnoDB: Not using CPU crc32 instructions
2019-06-28 15:48:47 14028 [Note] InnoDB: Initializing buffer pool, size = 128.0M
2019-06-28 15:48:47 14028 [Note] InnoDB: Completed initialization of buffer pool
2019-06-28 15:48:47 14028 [ERROR] InnoDB: D:\KEY\mysql\data\ibdata1 can't be opened in read-write mode
2019-06-28 15:48:47 14028 [ERROR] InnoDB: The system tablespace must be writable!
2019-06-28 15:48:47 14028 [ERROR] Plugin 'InnoDB' init function returned error.
2019-06-28 15:48:47 14028 [ERROR] Plugin 'InnoDB' registration as a STORAGE ENGINE failed.
2019-06-28 15:48:47 14028 [ERROR] Unknown/unsupported storage engine: InnoDB
2019-06-28 15:48:47 14028 [ERROR] Aborting

2019-06-28 15:48:47 14028 [Note] Binlog end
2019-06-28 15:48:47 14028 [Note] Shutting down plugin 'partition'
2019-06-28 15:48:47 14028 [Note] Shutting down plugin 'PERFORMANCE_SCHEMA'
2019-06-28 15:48:47 14028 [Note] Shutting down plugin 'INNODB_SYS_DATAFILES'
2019-06-28 15:48:47 14028 [Note] Shutting down plugin 'INNODB_SYS_TABLESPACES'
2019-06-28 15:48:47 14028 [Note] Shutting down plugin 'INNODB_SYS_FOREIGN_COLS'
2019-06-28 15:48:47 14028 [Note] Shutting down plugin 'INNODB_SYS_FOREIGN'
2019-06-28 15:48:47 14028 [Note] Shutting down plugin 'INNODB_SYS_FIELDS'
2019-06-28 15:48:47 14028 [Note] Shutting down plugin 'INNODB_SYS_COLUMNS'
2019-06-28 15:48:47 14028 [Note] Shutting down plugin 'INNODB_SYS_INDEXES'
2019-06-28 15:48:47 14028 [Note] Shutting down plugin 'INNODB_SYS_TABLESTATS'
2019-06-28 15:48:47 14028 [Note] Shutting down plugin 'INNODB_SYS_TABLES'
2019-06-28 15:48:47 14028 [Note] Shutting down plugin 'INNODB_FT_INDEX_TABLE'
2019-06-28 15:48:47 14028 [Note] Shutting down plugin 'INNODB_FT_INDEX_CACHE'
2019-06-28 15:48:47 14028 [Note] Shutting down plugin 'INNODB_FT_CONFIG'
2019-06-28 15:48:47 14028 [Note] Shutting down plugin 'INNODB_FT_BEING_DELETED'
2019-06-28 15:48:47 14028 [Note] Shutting down plugin 'INNODB_FT_DELETED'
2019-06-28 15:48:47 14028 [Note] Shutting down plugin 'INNODB_FT_DEFAULT_STOPWORD'
2019-06-28 15:48:47 14028 [Note] Shutting down plugin 'INNODB_METRICS'
2019-06-28 15:48:47 14028 [Note] Shutting down plugin 'INNODB_BUFFER_POOL_STATS'
2019-06-28 15:48:47 14028 [Note] Shutting down plugin 'INNODB_BUFFER_PAGE_LRU'
2019-06-28 15:48:47 14028 [Note] Shutting down plugin 'INNODB_BUFFER_PAGE'
2019-06-28 15:48:47 14028 [Note] Shutting down plugin 'INNODB_CMP_PER_INDEX_RESET'
2019-06-28 15:48:47 14028 [Note] Shutting down plugin 'INNODB_CMP_PER_INDEX'
2019-06-28 15:48:47 14028 [Note] Shutting down plugin 'INNODB_CMPMEM_RESET'
2019-06-28 15:48:47 14028 [Note] Shutting down plugin 'INNODB_CMPMEM'
2019-06-28 15:48:47 14028 [Note] Shutting down plugin 'INNODB_CMP_RESET'
2019-06-28 15:48:47 14028 [Note] Shutting down plugin 'INNODB_CMP'
2019-06-28 15:48:47 14028 [Note] Shutting down plugin 'INNODB_LOCK_WAITS'
2019-06-28 15:48:47 14028 [Note] Shutting down plugin 'INNODB_LOCKS'
2019-06-28 15:48:47 14028 [Note] Shutting down plugin 'INNODB_TRX'
2019-06-28 15:48:47 14028 [Note] Shutting down plugin 'BLACKHOLE'
2019-06-28 15:48:47 14028 [Note] Shutting down plugin 'ARCHIVE'
2019-06-28 15:48:47 14028 [Note] Shutting down plugin 'MRG_MYISAM'
2019-06-28 15:48:47 14028 [Note] Shutting down plugin 'MyISAM'
2019-06-28 15:48:47 14028 [Note] Shutting down plugin 'MEMORY'
2019-06-28 15:48:47 14028 [Note] Shutting down plugin 'CSV'
2019-06-28 15:48:47 14028 [Note] Shutting down plugin 'sha256_password'
2019-06-28 15:48:47 14028 [Note] Shutting down plugin 'mysql_old_password'
2019-06-28 15:48:47 14028 [Note] Shutting down plugin 'mysql_native_password'
2019-06-28 15:48:47 14028 [Note] Shutting down plugin 'binlog'
2019-06-28 15:48:47 14028 [Note] D:\KEY/mysql/bin/mysqld_usbwv8.exe: Shutdown complete

2019-06-30 18:30:15 10204 [Note] Plugin 'FEDERATED' is disabled.
2019-06-30 18:30:16 10204 [Note] InnoDB: The InnoDB memory heap is disabled
2019-06-30 18:30:16 10204 [Note] InnoDB: Mutexes and rw_locks use Windows interlocked functions
2019-06-30 18:30:16 10204 [Note] InnoDB: Compressed tables use zlib 1.2.3
2019-06-30 18:30:16 10204 [Note] InnoDB: Not using CPU crc32 instructions
2019-06-30 18:30:16 10204 [Note] InnoDB: Initializing buffer pool, size = 128.0M
2019-06-30 18:30:16 10204 [Note] InnoDB: Completed initialization of buffer pool
2019-06-30 18:30:16 10204 [Note] InnoDB: Highest supported file format is Barracuda.
2019-06-30 18:30:16 10204 [Note] InnoDB: The log sequence numbers 1626134 and 1626134 in ibdata files do not match the log sequence number 2678474 in the ib_logfiles!
2019-06-30 18:30:16 10204 [Note] InnoDB: Database was not shutdown normally!
2019-06-30 18:30:16 10204 [Note] InnoDB: Starting crash recovery.
2019-06-30 18:30:16 10204 [Note] InnoDB: Reading tablespace information from the .ibd files...
2019-06-30 18:30:17 10204 [Note] InnoDB: Restoring possible half-written data pages 
2019-06-30 18:30:17 10204 [Note] InnoDB: from the doublewrite buffer...
2019-06-30 18:30:18 10204 [Note] InnoDB: 128 rollback segment(s) are active.
2019-06-30 18:30:18 10204 [Note] InnoDB: Waiting for purge to start
2019-06-30 18:30:18 10204 [Note] InnoDB: 5.6.13 started; log sequence number 2678474
2019-06-30 18:30:19 10204 [Note] Server hostname (bind-address): '*'; port: 3307
2019-06-30 18:30:19 10204 [Note] IPv6 is available.
2019-06-30 18:30:19 10204 [Note]   - '::' resolves to '::';
2019-06-30 18:30:19 10204 [Note] Server socket created on IP: '::'.
